This is ApacheBench, Version 2.3 <$Revision: 1807734 $>
Copyright 1996 Adam Twiss, Zeus Technology Ltd, http://www.zeustech.net/
Licensed to The Apache Software Foundation, http://www.apache.org/

Benchmarking localhost (be patient)


Server Software:        
Server Hostname:        localhost
Server Port:            8081

Document Path:          /
Document Length:        14 bytes

Concurrency Level:      200
Time taken for tests:   0.482 seconds
Complete requests:      50000
Failed requests:        0
Keep-Alive requests:    50000
Total transferred:      7750000 bytes
Total body sent:        12400000
HTML transferred:       700000 bytes
Requests per second:    103827.71 [#/sec] (mean)
Time per request:       1.926 [ms] (mean)
Time per request:       0.010 [ms] (mean, across all concurrent requests)
Transfer rate:          15716.11 [Kbytes/sec] received
                        25145.77 kb/s sent
                        40861.88 kb/s total

Connection Times (ms)
              min  mean[+/-sd] median   max
Connect:        0    0   0.7      0      19
Processing:     0    2   0.6      2       8
Waiting:        0    2   0.6      2       8
Total:          0    2   1.1      2      24

Percentage of the requests served within a certain time (ms)
  50%      2
  66%      2
  75%      2
  80%      2
  90%      3
  95%      3
  98%      4
  99%      5
 100%     24 (longest request)
