This is ApacheBench, Version 2.3 <$Revision: 1807734 $>
Copyright 1996 Adam Twiss, Zeus Technology Ltd, http://www.zeustech.net/
Licensed to The Apache Software Foundation, http://www.apache.org/

Benchmarking localhost (be patient)


Server Software:        
Server Hostname:        localhost
Server Port:            8081

Document Path:          /
Document Length:        14 bytes

Concurrency Level:      100
Time taken for tests:   0.408 seconds
Complete requests:      50000
Failed requests:        0
Keep-Alive requests:    50000
Total transferred:      7750000 bytes
Total body sent:        12400000
HTML transferred:       700000 bytes
Requests per second:    122547.82 [#/sec] (mean)
Time per request:       0.816 [ms] (mean)
Time per request:       0.008 [ms] (mean, across all concurrent requests)
Transfer rate:          18549.72 [Kbytes/sec] received
                        29679.55 kb/s sent
                        48229.27 kb/s total

Connection Times (ms)
              min  mean[+/-sd] median   max
Connect:        0    0   0.1      0       4
Processing:     0    1   0.3      1       4
Waiting:        0    1   0.3      1       4
Total:          0    1   0.3      1       7

Percentage of the requests served within a certain time (ms)
  50%      1
  66%      1
  75%      1
  80%      1
  90%      1
  95%      1
  98%      2
  99%      2
 100%      7 (longest request)
