This is ApacheBench, Version 2.3 <$Revision: 1807734 $>
Copyright 1996 Adam Twiss, Zeus Technology Ltd, http://www.zeustech.net/
Licensed to The Apache Software Foundation, http://www.apache.org/

Benchmarking localhost (be patient)


Server Software:        
Server Hostname:        localhost
Server Port:            8081

Document Path:          /
Document Length:        14 bytes

Concurrency Level:      400
Time taken for tests:   0.521 seconds
Complete requests:      50000
Failed requests:        0
Keep-Alive requests:    50000
Total transferred:      7750000 bytes
Total body sent:        12400000
HTML transferred:       700000 bytes
Requests per second:    95996.74 [#/sec] (mean)
Time per request:       4.167 [ms] (mean)
Time per request:       0.010 [ms] (mean, across all concurrent requests)
Transfer rate:          14530.76 [Kbytes/sec] received
                        23249.21 kb/s sent
                        37779.97 kb/s total

Connection Times (ms)
              min  mean[+/-sd] median   max
Connect:        0    0   0.9      0      14
Processing:     1    4   0.7      4      11
Waiting:        1    4   0.7      4      11
Total:          1    4   1.3      4      21

Percentage of the requests served within a certain time (ms)
  50%      4
  66%      4
  75%      4
  80%      4
  90%      4
  95%      5
  98%      7
  99%      8
 100%     21 (longest request)
