This is ApacheBench, Version 2.3 <$Revision: 1807734 $>
Copyright 1996 Adam Twiss, Zeus Technology Ltd, http://www.zeustech.net/
Licensed to The Apache Software Foundation, http://www.apache.org/

Benchmarking localhost (be patient)


Server Software:        
Server Hostname:        localhost
Server Port:            8081

Document Path:          /
Document Length:        14 bytes

Concurrency Level:      300
Time taken for tests:   0.487 seconds
Complete requests:      50000
Failed requests:        0
Keep-Alive requests:    50000
Total transferred:      7750000 bytes
Total body sent:        12400000
HTML transferred:       700000 bytes
Requests per second:    102618.20 [#/sec] (mean)
Time per request:       2.923 [ms] (mean)
Time per request:       0.010 [ms] (mean, across all concurrent requests)
Transfer rate:          15533.03 [Kbytes/sec] received
                        24852.85 kb/s sent
                        40385.87 kb/s total

Connection Times (ms)
              min  mean[+/-sd] median   max
Connect:        0    0   0.6      0      10
Processing:     0    3   0.7      3       9
Waiting:        0    3   0.7      3       9
Total:          0    3   1.0      3      15

Percentage of the requests served within a certain time (ms)
  50%      3
  66%      3
  75%      3
  80%      3
  90%      3
  95%      5
  98%      5
  99%      6
 100%     15 (longest request)
