This is ApacheBench, Version 2.3 <$Revision: 1807734 $>
Copyright 1996 Adam Twiss, Zeus Technology Ltd, http://www.zeustech.net/
Licensed to The Apache Software Foundation, http://www.apache.org/

Benchmarking localhost (be patient)


Server Software:        
Server Hostname:        localhost
Server Port:            8081

Document Path:          /
Document Length:        14 bytes

Concurrency Level:      300
Time taken for tests:   0.479 seconds
Complete requests:      50000
Failed requests:        0
Keep-Alive requests:    50000
Total transferred:      7750000 bytes
Total body sent:        12400000
HTML transferred:       700000 bytes
Requests per second:    104422.72 [#/sec] (mean)
Time per request:       2.873 [ms] (mean)
Time per request:       0.010 [ms] (mean, across all concurrent requests)
Transfer rate:          15806.17 [Kbytes/sec] received
                        25289.88 kb/s sent
                        41096.05 kb/s total

Connection Times (ms)
              min  mean[+/-sd] median   max
Connect:        0    0   0.6      0      11
Processing:     0    3   0.6      3       9
Waiting:        0    3   0.6      3       9
Total:          0    3   1.0      3      19

Percentage of the requests served within a certain time (ms)
  50%      3
  66%      3
  75%      3
  80%      3
  90%      3
  95%      4
  98%      5
  99%      6
 100%     19 (longest request)
